2026-07-03 16:30:25,218 - twister - INFO - Using Ninja..
2026-07-03 16:30:25,266 - twister - INFO - Zephyr version: v4.3.0
2026-07-03 16:30:25,269 - twister - DEBUG - Running cmake script /home/mspatz/code/esp32_matter_led_controller/zephyr/cmake/verify-toolchain.cmake
2026-07-03 16:30:25,270 - twister - DEBUG - Calling cmake: /home/mspatz/.local/bin/cmake -DFORMAT=json -P /home/mspatz/code/esp32_matter_led_controller/zephyr/cmake/verify-toolchain.cmake
2026-07-03 16:30:25,476 - twister - DEBUG - Finished running /home/mspatz/code/esp32_matter_led_controller/zephyr/cmake/verify-toolchain.cmake
2026-07-03 16:30:25,476 - twister - INFO - Using 'zephyr' toolchain.
2026-07-03 16:30:26,602 - twister - DEBUG - Reading testsuite configuration files under /home/mspatz/code/esp32_matter_led_controller/tests...
2026-07-03 16:30:26,603 - twister - DEBUG - Found possible testsuite in /home/mspatz/code/esp32_matter_led_controller/tests/color_math
2026-07-03 16:30:26,605 - twister - DEBUG - No duplicates found.
2026-07-03 16:30:26,605 - twister - DEBUG -  platform filter: ['native_sim']
2026-07-03 16:30:26,605 - twister - DEBUG - platform_pattern: []
2026-07-03 16:30:26,605 - twister - DEBUG -    vendor filter: []
2026-07-03 16:30:26,605 - twister - DEBUG -      arch_filter: None
2026-07-03 16:30:26,605 - twister - DEBUG -       tag_filter: None
2026-07-03 16:30:26,605 - twister - DEBUG -      exclude_tag: None
2026-07-03 16:30:26,605 - twister - DEBUG - Checking platform filter: ['native_sim']
2026-07-03 16:30:26,605 - twister - INFO - Building initial testsuite list...
2026-07-03 16:30:26,606 - twister - INFO - Writing JSON report /home/mspatz/code/esp32_matter_led_controller/twister-out/testplan.json
2026-07-03 16:30:26,618 - twister - INFO - JOBS: 16
2026-07-03 16:30:26,619 - twister - INFO - Adding tasks to the queue...
2026-07-03 16:30:26,619 - twister - DEBUG - adding native_sim/native/host/app.color_math
2026-07-03 16:30:26,620 - twister - INFO - Added initial list of jobs to queue
2026-07-03 16:30:26,626 - twister - DEBUG - Running cmake on /home/mspatz/code/esp32_matter_led_controller/tests/color_math for native_sim/native
2026-07-03 16:30:26,626 - twister - DEBUG - Calling cmake: /home/mspatz/.local/bin/cmake -B/home/mspatz/code/esp32_matter_led_controller/twister-out/native_sim_native/host/tests/color_math/app.color_math -DTC_RUNID=02b81dc61b380a807832265acc7214ff -DTC_NAME=app.color_math -DCONFIG_COMPILER_WARNINGS_AS_ERRORS=y -DEXTRA_GEN_EDT_ARGS=--edtlib-Werror -GNinja -DPython3_EXECUTABLE=/home/mspatz/code/esp32_matter_led_controller/.venv-zephyr/bin/python3 -DZEPHYR_TOOLCHAIN_VARIANT=host -S/home/mspatz/code/esp32_matter_led_controller/tests/color_math -DBOARD=native_sim/native
2026-07-03 16:30:26,638 - twister - DEBUG - Launched 16 jobs
2026-07-03 16:30:30,869 - twister - DEBUG - Finished running cmake /home/mspatz/code/esp32_matter_led_controller/tests/color_math for native_sim/native in 4.24 seconds
2026-07-03 16:30:30,871 - twister - DEBUG - build test: native_sim/native/host/app.color_math
2026-07-03 16:30:30,871 - twister - DEBUG - Building /home/mspatz/code/esp32_matter_led_controller/tests/color_math for native_sim/native
2026-07-03 16:30:30,872 - twister - DEBUG - Running /home/mspatz/.local/bin/cmake --build /home/mspatz/code/esp32_matter_led_controller/twister-out/native_sim_native/host/tests/color_math/app.color_math
2026-07-03 16:30:31,346 - twister - ERROR - native_sim/native         app.color_math                                     [31mERROR[39m: Build failure
2026-07-03 16:30:31,346 - twister - ERROR - see: [33m/home/mspatz/code/esp32_matter_led_controller/twister-out/native_sim_native/host/tests/color_math/app.color_math/build.log[39m
2026-07-03 16:30:31,350 - twister - INFO - 1 test scenarios (1 configurations) selected, 0 configurations filtered (0 by static filter, 0 at runtime).
2026-07-03 16:30:31,354 - twister - INFO - [32m0 of 1[39m executed test configurations passed (0.00%), 0 built (not run), 0 failed, [31m1[39m errored, with no warnings in 6.14 seconds.
2026-07-03 16:30:31,355 - twister - INFO - 0 of 11 executed test cases passed (0.00%), 11 blocked on 1 out of total 1260 platforms (0.08%).
2026-07-03 16:30:31,355 - twister - INFO - [32m0[39m test configurations executed on platforms, [36m1[39m test configurations were only built.
2026-07-03 16:30:31,355 - twister - INFO - Saving reports...
2026-07-03 16:30:31,355 - twister - INFO - Writing JSON report /home/mspatz/code/esp32_matter_led_controller/twister-out/twister.json
2026-07-03 16:30:31,356 - twister - INFO - Writing xunit report /home/mspatz/code/esp32_matter_led_controller/twister-out/twister.xml...
2026-07-03 16:30:31,357 - twister - INFO - Writing xunit report /home/mspatz/code/esp32_matter_led_controller/twister-out/twister_report.xml...
2026-07-03 16:30:31,358 - twister - INFO - -+-+-+-+-+-+-+-+-+-+-+-+-+-+-+-+-+-+-+-+-+-+-+-+-+-+-+-+-+-+-+-+-+-+-+-+-+-+-+-+
2026-07-03 16:30:31,358 - twister - INFO - The following issues were found (showing the top 10 items):
2026-07-03 16:30:31,358 - twister - INFO - 1) app.color_math on native_sim/native error (Build failure - error: bits/libc-header-start.h: No such file or directory)
2026-07-03 16:30:31,358 - twister - INFO - 
2026-07-03 16:30:31,358 - twister - INFO - To rerun the tests, call twister using the following commandline:
2026-07-03 16:30:31,358 - twister - INFO - west twister -p <PLATFORM> -s <TEST ID>, for example:
2026-07-03 16:30:31,358 - twister - INFO - 
2026-07-03 16:30:31,358 - twister - INFO - west twister -p native_sim/native -s app.color_math
2026-07-03 16:30:31,358 - twister - INFO - or with west:
2026-07-03 16:30:31,358 - twister - INFO - west build -p -b native_sim/native tests/color_math -T app.color_math
2026-07-03 16:30:31,358 - twister - INFO - -+-+-+-+-+-+-+-+-+-+-+-+-+-+-+-+-+-+-+-+-+-+-+-+-+-+-+-+-+-+-+-+-+-+-+-+-+-+-+-+
2026-07-03 16:30:31,358 - twister - INFO - Run completed
