2026-07-03 16:30:01,482 - twister - INFO - Using Ninja..
2026-07-03 16:30:01,534 - twister - INFO - Zephyr version: v4.3.0
2026-07-03 16:30:01,551 - twister - DEBUG - Running cmake script /home/mspatz/code/esp32_matter_led_controller/zephyr/cmake/verify-toolchain.cmake
2026-07-03 16:30:01,551 - twister - DEBUG - Calling cmake: /home/mspatz/.local/bin/cmake -DFORMAT=json -P /home/mspatz/code/esp32_matter_led_controller/zephyr/cmake/verify-toolchain.cmake
2026-07-03 16:30:01,779 - twister - DEBUG - Finished running /home/mspatz/code/esp32_matter_led_controller/zephyr/cmake/verify-toolchain.cmake
2026-07-03 16:30:01,779 - twister - INFO - Using 'zephyr' toolchain.
2026-07-03 16:30:03,017 - twister - DEBUG - Reading testsuite configuration files under /home/mspatz/code/esp32_matter_led_controller/tests...
2026-07-03 16:30:03,017 - twister - DEBUG - Found possible testsuite in /home/mspatz/code/esp32_matter_led_controller/tests/color_math
2026-07-03 16:30:03,020 - twister - DEBUG - No duplicates found.
2026-07-03 16:30:03,020 - twister - DEBUG -  platform filter: ['native_sim']
2026-07-03 16:30:03,020 - twister - DEBUG - platform_pattern: []
2026-07-03 16:30:03,020 - twister - DEBUG -    vendor filter: []
2026-07-03 16:30:03,020 - twister - DEBUG -      arch_filter: None
2026-07-03 16:30:03,020 - twister - DEBUG -       tag_filter: None
2026-07-03 16:30:03,020 - twister - DEBUG -      exclude_tag: None
2026-07-03 16:30:03,020 - twister - DEBUG - Checking platform filter: ['native_sim']
2026-07-03 16:30:03,020 - twister - INFO - Building initial testsuite list...
2026-07-03 16:30:03,021 - twister - INFO - Writing JSON report /home/mspatz/code/esp32_matter_led_controller/twister-out/testplan.json
2026-07-03 16:30:03,037 - twister - INFO - JOBS: 16
2026-07-03 16:30:03,037 - twister - INFO - Adding tasks to the queue...
2026-07-03 16:30:03,037 - twister - DEBUG - adding native_sim/native/host/app.color_math
2026-07-03 16:30:03,038 - twister - INFO - Added initial list of jobs to queue
2026-07-03 16:30:03,045 - twister - DEBUG - Running cmake on /home/mspatz/code/esp32_matter_led_controller/tests/color_math for native_sim/native
2026-07-03 16:30:03,045 - twister - DEBUG - Calling cmake: /home/mspatz/.local/bin/cmake -B/home/mspatz/code/esp32_matter_led_controller/twister-out/native_sim_native/host/tests/color_math/app.color_math -DTC_RUNID=932ea67019cab79710dea4da4d39bf92 -DTC_NAME=app.color_math -DCONFIG_COMPILER_WARNINGS_AS_ERRORS=y -DEXTRA_GEN_EDT_ARGS=--edtlib-Werror -GNinja -DPython3_EXECUTABLE=/home/mspatz/code/esp32_matter_led_controller/.venv-zephyr/bin/python3 -DZEPHYR_TOOLCHAIN_VARIANT=host -S/home/mspatz/code/esp32_matter_led_controller/tests/color_math -DBOARD=native_sim/native
2026-07-03 16:30:03,056 - twister - DEBUG - Launched 16 jobs
2026-07-03 16:30:09,806 - twister - DEBUG - Finished running cmake /home/mspatz/code/esp32_matter_led_controller/tests/color_math for native_sim/native in 6.76 seconds
2026-07-03 16:30:09,810 - twister - DEBUG - build test: native_sim/native/host/app.color_math
2026-07-03 16:30:09,810 - twister - DEBUG - Building /home/mspatz/code/esp32_matter_led_controller/tests/color_math for native_sim/native
2026-07-03 16:30:09,811 - twister - DEBUG - Running /home/mspatz/.local/bin/cmake --build /home/mspatz/code/esp32_matter_led_controller/twister-out/native_sim_native/host/tests/color_math/app.color_math
2026-07-03 16:30:10,324 - twister - ERROR - native_sim/native         app.color_math                                     [31mERROR[39m: Build failure
2026-07-03 16:30:10,324 - twister - INFO - /home/mspatz/code/esp32_matter_led_controller/twister-out/native_sim_native/host/tests/color_math/app.color_math/build.log
2026-07-03 16:30:10,324 - twister - ERROR - Loading Zephyr default modules (Zephyr base).
-- Application: /home/mspatz/code/esp32_matter_led_controller/tests/color_math
-- CMake version: 3.31.2
-- Found Python3: /home/mspatz/code/esp32_matter_led_controller/.venv-zephyr/bin/python3 (found suitable version "3.12.10", minimum required is "3.10") found components: Interpreter
-- Cache files will be written to: /home/mspatz/.cache/zephyr
-- Zephyr version: 4.3.0 (/home/mspatz/code/esp32_matter_led_controller/zephyr)
-- Found west (found suitable version "1.5.0", minimum required is "0.14.0")
-- Board: native_sim, qualifiers: native
-- Found toolchain: host (gcc/ld)
-- Could NOT find Dtc (missing: DTC) (Required is at least version "1.4.6")
Hint: The project() command has not yet been called.  It sets up system-specific search paths.
-- Found BOARD.dts: /home/mspatz/code/esp32_matter_led_controller/zephyr/boards/native/native_sim/native_sim.dts
-- Generated zephyr.dts: /home/mspatz/code/esp32_matter_led_controller/twister-out/native_sim_native/host/tests/color_math/app.color_math/zephyr/zephyr.dts
-- Generated pickled edt: /home/mspatz/code/esp32_matter_led_controller/twister-out/native_sim_native/host/tests/color_math/app.color_math/zephyr/edt.pickle
-- Generated devicetree_generated.h: /home/mspatz/code/esp32_matter_led_controller/twister-out/native_sim_native/host/tests/color_math/app.color_math/zephyr/include/generated/zephyr/devicetree_generated.h
Parsing /home/mspatz/code/esp32_matter_led_controller/zephyr/Kconfig
Loaded configuration '/home/mspatz/code/esp32_matter_led_controller/zephyr/boards/native/native_sim/native_sim_defconfig'
Merged configuration '/home/mspatz/code/esp32_matter_led_controller/tests/color_math/prj.conf'
Merged configuration '/home/mspatz/code/esp32_matter_led_controller/twister-out/native_sim_native/host/tests/color_math/app.color_math/zephyr/misc/generated/extra_kconfig_options.conf'
Configuration saved to '/home/mspatz/code/esp32_matter_led_controller/twister-out/native_sim_native/host/tests/color_math/app.color_math/zephyr/.config'
Kconfig header saved to '/home/mspatz/code/esp32_matter_led_controller/twister-out/native_sim_native/host/tests/color_math/app.color_math/zephyr/include/generated/zephyr/autoconf.h'
-- Found GnuLd: /usr/bin/ld.bfd (found version "2.38")
-- The C compiler identification is GNU 11.4.0
-- The CXX compiler identification is GNU 11.4.0
-- The ASM compiler identification is GNU
-- Found assembler: /usr/bin/gcc
-- Found gen_kobject_list: /home/mspatz/code/esp32_matter_led_controller/zephyr/scripts/build/gen_kobject_list.py
-- Configuring done (6.6s)
-- Generating done (0.1s)
CMake Warning:
  Manually-specified variables were not used by the project:

    TC_NAME


-- Build files have been written to: /home/mspatz/code/esp32_matter_led_controller/twister-out/native_sim_native/host/tests/color_math/app.color_math
ninja: warning: Unsupported MAKEFLAGS value: Pipe-based protocol is not supported! [ -j16 --jobserver-auth=7,8]
[1/105] Preparing syscall dependency handling

[2/105] Generating include/generated/zephyr/version.h
-- Zephyr version: 4.3.0 (/home/mspatz/code/esp32_matter_led_controller/zephyr), build: v4.3.0
[3/105] Generating misc/generated/syscalls_subdirs.trigger
[4/105] Generating misc/generated/syscalls.json, misc/generated/struct_tags.json
[5/105] Generating include/generated/device-api-sections.ld, include/generated/device-api-sections.cmake
[6/105] Generating include/generated/zephyr/syscall_dispatch.c, include/generated/zephyr/syscall_exports_llext.c, syscall_weakdefs_llext.c, include/generated/zephyr/syscall_list.h
[7/105] Generating include/generated/zephyr/driver-validation.h
[8/105] Generating include/generated/zephyr/kobj-types-enum.h, include/generated/zephyr/otype-to-str.h, include/generated/zephyr/otype-to-size.h
[9/105] Building C object zephyr/CMakeFiles/offsets.dir/arch/posix/core/offsets/offsets.c.obj
FAILED: [code=1] zephyr/CMakeFiles/offsets.dir/arch/posix/core/offsets/offsets.c.obj 
/usr/bin/gcc -DKERNEL -DK_HEAP_MEM_POOL_SIZE=0 -DTC_RUNID=932ea67019cab79710dea4da4d39bf92 -DZVFS_OPEN_SIZE=0 -D__ZEPHYR__=1 -I/home/mspatz/code/esp32_matter_led_controller/zephyr/kernel/include -I/home/mspatz/code/esp32_matter_led_controller/zephyr/arch/posix/include -I/home/mspatz/code/esp32_matter_led_controller/twister-out/native_sim_native/host/tests/color_math/app.color_math/zephyr/include/generated/zephyr -I/home/mspatz/code/esp32_matter_led_controller/zephyr/include -I/home/mspatz/code/esp32_matter_led_controller/twister-out/native_sim_native/host/tests/color_math/app.color_math/zephyr/include/generated -I/home/mspatz/code/esp32_matter_led_controller/zephyr/soc/native/inf_clock -I/home/mspatz/code/esp32_matter_led_controller/zephyr/boards/native/native_sim -I/home/mspatz/code/esp32_matter_led_controller/zephyr/lib/midi2/. -I/home/mspatz/code/esp32_matter_led_controller/zephyr/scripts/native_simulator/common/src/include -I/home/mspatz/code/esp32_matter_led_controller/zephyr/scripts/native_simulator/native/src/include -I/home/mspatz/code/esp32_matter_led_controller/zephyr/subsys/testsuite/include -I/home/mspatz/code/esp32_matter_led_controller/zephyr/subsys/testsuite/coverage -I/home/mspatz/code/esp32_matter_led_controller/zephyr/subsys/testsuite/ztest/include -fno-strict-aliasing -Werror -Os -imacros /home/mspatz/code/esp32_matter_led_controller/twister-out/native_sim_native/host/tests/color_math/app.color_math/zephyr/include/generated/zephyr/autoconf.h -fno-common -g -gdwarf-4 -fdiagnostics-color=always -Wall -Wformat -Wformat-security -Wno-format-zero-length -Wdouble-promotion -Wno-pointer-sign -Wpointer-arith -Wexpansion-to-defined -Wno-unused-but-set-variable -Werror=implicit-int -fno-pic -fno-pie -fno-asynchronous-unwind-tables -fno-reorder-functions --param=min-pagesize=0 -fno-defer-pop -fmacro-prefix-map=/home/mspatz/code/esp32_matter_led_controller/tests/color_math=CMAKE_SOURCE_DIR -fmacro-prefix-map=/home/mspatz/code/esp32_matter_led_controller/zephyr=ZEPHYR_BASE -fmacro-prefix-map=/home/mspatz/code/esp32_matter_led_controller=WEST_TOPDIR -ffunction-sections -fdata-sections -m32 -msse2 -mfpmath=sse -fvisibility=hidden -fno-freestanding -std=c11 -fno-lto -MD -MT zephyr/CMakeFiles/offsets.dir/arch/posix/core/offsets/offsets.c.obj -MF zephyr/CMakeFiles/offsets.dir/arch/posix/core/offsets/offsets.c.obj.d -o zephyr/CMakeFiles/offsets.dir/arch/posix/core/offsets/offsets.c.obj -c /home/mspatz/code/esp32_matter_led_controller/zephyr/arch/posix/core/offsets/offsets.c
In file included from /usr/lib/gcc/x86_64-linux-gnu/11/include/stdint.h:9,
                 from /home/mspatz/code/esp32_matter_led_controller/zephyr/include/zephyr/types.h:11,
                 from /home/mspatz/code/esp32_matter_led_controller/zephyr/include/zephyr/kernel_includes.h:21,
                 from /home/mspatz/code/esp32_matter_led_controller/zephyr/include/zephyr/kernel.h:17,
                 from /home/mspatz/code/esp32_matter_led_controller/zephyr/arch/posix/core/offsets/offsets.c:26:
/usr/include/stdint.h:26:10: fatal error: bits/libc-header-start.h: No such file or directory
   26 | #include <bits/libc-header-start.h>
      |          ^~~~~~~~~~~~~~~~~~~~~~~~~~
compilation terminated.
ninja: build stopped: subcommand failed.

2026-07-03 16:30:10,325 - twister - INFO - /home/mspatz/code/esp32_matter_led_controller/twister-out/native_sim_native/host/tests/color_math/app.color_math/build.log
2026-07-03 16:30:10,330 - twister - INFO - 1 test scenarios (1 configurations) selected, 0 configurations filtered (0 by static filter, 0 at runtime).
2026-07-03 16:30:10,334 - twister - INFO - [32m0 of 1[39m executed test configurations passed (0.00%), 0 built (not run), 0 failed, [31m1[39m errored, with no warnings in 8.85 seconds.
2026-07-03 16:30:10,335 - twister - INFO - 0 of 11 executed test cases passed (0.00%), 11 blocked on 1 out of total 1260 platforms (0.08%).
2026-07-03 16:30:10,335 - twister - INFO - [32m0[39m test configurations executed on platforms, [36m1[39m test configurations were only built.
2026-07-03 16:30:10,335 - twister - INFO - Saving reports...
2026-07-03 16:30:10,335 - twister - INFO - Writing JSON report /home/mspatz/code/esp32_matter_led_controller/twister-out/twister.json
2026-07-03 16:30:10,336 - twister - INFO - Writing xunit report /home/mspatz/code/esp32_matter_led_controller/twister-out/twister.xml...
2026-07-03 16:30:10,337 - twister - INFO - Writing xunit report /home/mspatz/code/esp32_matter_led_controller/twister-out/twister_report.xml...
2026-07-03 16:30:10,338 - twister - INFO - -+-+-+-+-+-+-+-+-+-+-+-+-+-+-+-+-+-+-+-+-+-+-+-+-+-+-+-+-+-+-+-+-+-+-+-+-+-+-+-+
2026-07-03 16:30:10,338 - twister - INFO - The following issues were found (showing the top 10 items):
2026-07-03 16:30:10,338 - twister - INFO - 1) app.color_math on native_sim/native error (Build failure - error: bits/libc-header-start.h: No such file or directory)
2026-07-03 16:30:10,338 - twister - INFO - 
2026-07-03 16:30:10,338 - twister - INFO - To rerun the tests, call twister using the following commandline:
2026-07-03 16:30:10,338 - twister - INFO - west twister -p <PLATFORM> -s <TEST ID>, for example:
2026-07-03 16:30:10,338 - twister - INFO - 
2026-07-03 16:30:10,338 - twister - INFO - west twister -p native_sim/native -s app.color_math
2026-07-03 16:30:10,338 - twister - INFO - or with west:
2026-07-03 16:30:10,338 - twister - INFO - west build -p -b native_sim/native tests/color_math -T app.color_math
2026-07-03 16:30:10,338 - twister - INFO - -+-+-+-+-+-+-+-+-+-+-+-+-+-+-+-+-+-+-+-+-+-+-+-+-+-+-+-+-+-+-+-+-+-+-+-+-+-+-+-+
2026-07-03 16:30:10,338 - twister - INFO - Run completed
